<?xml version="1.0" encoding="UTF-8"?>
<coverage generated="1633231358154" clover="3.2.0">
  <project timestamp="1633231358154" name="All files">
    <metrics statements="23" coveredstatements="23" conditionals="6" coveredconditionals="6" methods="3" coveredmethods="3" elements="32" coveredelements="32" complexity="0" loc="23" ncloc="23" packages="1" files="1" classes="1"/>
    <file name="App.js" path="E:\CAROLINA\6_SEMESTRE\IngenieriaSoftware\Totalizador_Mejorado\parcel-jest-base-main\src\App.js">
      <metrics statements="23" coveredstatements="23" conditionals="6" coveredconditionals="6" methods="3" coveredmethods="3"/>
      <line num="2" count="13" type="stmt"/>
      <line num="9" count="13" type="stmt"/>
      <line num="11" count="1" type="stmt"/>
      <line num="19" count="13" type="stmt"/>
      <line num="20" count="13" type="cond" truecount="6" falsecount="0"/>
      <line num="22" count="1" type="stmt"/>
      <line num="23" count="1" type="stmt"/>
      <line num="25" count="1" type="stmt"/>
      <line num="26" count="1" type="stmt"/>
      <line num="28" count="1" type="stmt"/>
      <line num="29" count="1" type="stmt"/>
      <line num="31" count="1" type="stmt"/>
      <line num="32" count="1" type="stmt"/>
      <line num="34" count="1" type="stmt"/>
      <line num="35" count="1" type="stmt"/>
      <line num="37" count="8" type="stmt"/>
      <line num="38" count="8" type="stmt"/>
      <line num="40" count="13" type="stmt"/>
      <line num="44" count="13" type="stmt"/>
      <line num="45" count="13" type="stmt"/>
      <line num="46" count="13" type="stmt"/>
      <line num="47" count="13" type="stmt"/>
      <line num="48" count="13" type="stmt"/>
    </file>
  </project>
</coverage>
