<?xml version="1.0" encoding="UTF-8"?>
<coverage generated="1633225887624" clover="3.2.0">
  <project timestamp="1633225887625" name="All files">
    <metrics statements="8" coveredstatements="8" conditionals="2" coveredconditionals="2" methods="2" coveredmethods="2" elements="12" coveredelements="12" complexity="0" loc="8" ncloc="8" packages="1" files="1" classes="1"/>
    <file name="App.js" path="E:\CAROLINA\6_SEMESTRE\IngenieriaSoftware\Totalizador_Mejorado\parcel-jest-base-main\src\App.js">
      <metrics statements="8" coveredstatements="8" conditionals="2" coveredconditionals="2" methods="2" coveredmethods="2"/>
      <line num="2" count="9" type="stmt"/>
      <line num="9" count="9" type="stmt"/>
      <line num="13" count="9" type="stmt"/>
      <line num="14" count="9" type="stmt"/>
      <line num="15" count="9" type="stmt"/>
      <line num="16" count="9" type="cond" truecount="2" falsecount="0"/>
      <line num="17" count="1" type="stmt"/>
      <line num="19" count="8" type="stmt"/>
    </file>
  </project>
</coverage>
