{"E:\\CAROLINA\\6_SEMESTRE\\IngenieriaSoftware\\Totalizador_Mejorado\\parcel-jest-base-main\\src\\App.js": {"path":"E:\\CAROLINA\\6_SEMESTRE\\IngenieriaSoftware\\Totalizador_Mejorado\\parcel-jest-base-main\\src\\App.js","statementMap":{"0":{"start":{"line":2,"column":18},"end":{"line":8,"column":11}},"1":{"start":{"line":9,"column":2},"end":{"line":9,"column":27}},"2":{"start":{"line":13,"column":17},"end":{"line":13,"column":34}},"3":{"start":{"line":14,"column":17},"end":{"line":14,"column":39}},"4":{"start":{"line":15,"column":2},"end":{"line":15,"column":44}},"5":{"start":{"line":16,"column":2},"end":{"line":16,"column":18}}},"fnMap":{"0":{"name":"impuestoEstado","decl":{"start":{"line":1,"column":9},"end":{"line":1,"column":23}},"loc":{"start":{"line":1,"column":32},"end":{"line":10,"column":1}},"line":1},"1":{"name":"calcularTotal","decl":{"start":{"line":12,"column":9},"end":{"line":12,"column":22}},"loc":{"start":{"line":12,"column":49},"end":{"line":17,"column":1}},"line":12}},"branchMap":{},"s":{"0":8,"1":8,"2":8,"3":8,"4":8,"5":8},"f":{"0":8,"1":8},"b":{},"_coverageSchema":"1a1c01bbd47fc00a2c39e90264f33305004495a9","hash":"e80a3f9e392a5ce6d63d472db8d396f901762c96"}
}
