{"E:\\CAROLINA\\6_SEMESTRE\\IngenieriaSoftware\\Totalizador_Mejorado\\parcel-jest-base-main\\src\\App.js": {"path":"E:\\CAROLINA\\6_SEMESTRE\\IngenieriaSoftware\\Totalizador_Mejorado\\parcel-jest-base-main\\src\\App.js","statementMap":{"0":{"start":{"line":2,"column":18},"end":{"line":8,"column":11}},"1":{"start":{"line":9,"column":2},"end":{"line":9,"column":27}},"2":{"start":{"line":11,"column":22},"end":{"line":17,"column":1}},"3":{"start":{"line":19,"column":18},"end":{"line":19,"column":19}},"4":{"start":{"line":20,"column":2},"end":{"line":39,"column":3}},"5":{"start":{"line":22,"column":10},"end":{"line":22,"column":52}},"6":{"start":{"line":23,"column":10},"end":{"line":23,"column":16}},"7":{"start":{"line":25,"column":8},"end":{"line":25,"column":50}},"8":{"start":{"line":26,"column":10},"end":{"line":26,"column":16}},"9":{"start":{"line":28,"column":10},"end":{"line":28,"column":51}},"10":{"start":{"line":29,"column":10},"end":{"line":29,"column":16}},"11":{"start":{"line":31,"column":10},"end":{"line":31,"column":51}},"12":{"start":{"line":32,"column":10},"end":{"line":32,"column":16}},"13":{"start":{"line":34,"column":10},"end":{"line":34,"column":51}},"14":{"start":{"line":35,"column":10},"end":{"line":35,"column":16}},"15":{"start":{"line":37,"column":10},"end":{"line":37,"column":23}},"16":{"start":{"line":38,"column":10},"end":{"line":38,"column":16}},"17":{"start":{"line":40,"column":2},"end":{"line":40,"column":18}},"18":{"start":{"line":44,"column":18},"end":{"line":44,"column":33}},"19":{"start":{"line":45,"column":17},"end":{"line":45,"column":39}},"20":{"start":{"line":46,"column":2},"end":{"line":46,"column":42}},"21":{"start":{"line":47,"column":18},"end":{"line":47,"column":46}},"22":{"start":{"line":48,"column":2},"end":{"line":48,"column":30}}},"fnMap":{"0":{"name":"impuestoEstado","decl":{"start":{"line":1,"column":9},"end":{"line":1,"column":23}},"loc":{"start":{"line":1,"column":32},"end":{"line":10,"column":1}},"line":1},"1":{"name":"calcular_descuento","decl":{"start":{"line":18,"column":9},"end":{"line":18,"column":27}},"loc":{"start":{"line":18,"column":34},"end":{"line":41,"column":1}},"line":18},"2":{"name":"calcularTotal","decl":{"start":{"line":43,"column":9},"end":{"line":43,"column":22}},"loc":{"start":{"line":43,"column":48},"end":{"line":49,"column":1}},"line":43}},"branchMap":{"0":{"loc":{"start":{"line":20,"column":2},"end":{"line":39,"column":3}},"type":"switch","locations":[{"start":{"line":21,"column":6},"end":{"line":23,"column":16}},{"start":{"line":24,"column":6},"end":{"line":26,"column":16}},{"start":{"line":27,"column":6},"end":{"line":29,"column":16}},{"start":{"line":30,"column":6},"end":{"line":32,"column":16}},{"start":{"line":33,"column":6},"end":{"line":35,"column":16}},{"start":{"line":36,"column":6},"end":{"line":38,"column":16}}],"line":20}},"s":{"0":13,"1":13,"2":1,"3":13,"4":13,"5":1,"6":1,"7":1,"8":1,"9":1,"10":1,"11":1,"12":1,"13":1,"14":1,"15":8,"16":8,"17":13,"18":13,"19":13,"20":13,"21":13,"22":13},"f":{"0":13,"1":13,"2":13},"b":{"0":[1,1,1,1,1,8]},"_coverageSchema":"1a1c01bbd47fc00a2c39e90264f33305004495a9","hash":"58a9995a46b30be00cacd26d5bd97b7d34a7ef44"}
}
